{"/Users/enricobeyer/Arbeit/redwoodblog/api/src/directives/requireAuth/requireAuth.js": {"path":"/Users/enricobeyer/Arbeit/redwoodblog/api/src/directives/requireAuth/requireAuth.js","statementMap":{"0":{"start":{"line":15,"column":17},"end":{"line":19,"column":1}},"1":{"start":{"line":16,"column":20},"end":{"line":16,"column":33}},"2":{"start":{"line":18,"column":2},"end":{"line":18,"column":42}},"3":{"start":{"line":21,"column":20},"end":{"line":21,"column":62}}},"fnMap":{"0":{"name":"(anonymous_0)","decl":{"start":{"line":15,"column":17},"end":{"line":15,"column":18}},"loc":{"start":{"line":15,"column":40},"end":{"line":19,"column":1}},"line":15}},"branchMap":{},"s":{"0":1,"1":1,"2":1,"3":1},"f":{"0":1},"b":{},"_coverageSchema":"1a1c01bbd47fc00a2c39e90264f33305004495a9","hash":"9b2af0e7b66ffcd3defad5bdff5d84bb21e007f3"}
,"/Users/enricobeyer/Arbeit/redwoodblog/api/src/directives/skipAuth/skipAuth.js": {"path":"/Users/enricobeyer/Arbeit/redwoodblog/api/src/directives/skipAuth/skipAuth.js","statementMap":{"0":{"start":{"line":12,"column":17},"end":{"line":14,"column":2}},"1":{"start":{"line":13,"column":2},"end":{"line":13,"column":8}}},"fnMap":{"0":{"name":"(anonymous_0)","decl":{"start":{"line":12,"column":50},"end":{"line":12,"column":51}},"loc":{"start":{"line":12,"column":56},"end":{"line":14,"column":1}},"line":12}},"branchMap":{},"s":{"0":1,"1":0},"f":{"0":0},"b":{},"_coverageSchema":"1a1c01bbd47fc00a2c39e90264f33305004495a9","hash":"3dc0635bff24abcafe591485745762207280d932"}
,"/Users/enricobeyer/Arbeit/redwoodblog/api/src/lib/auth.js": {"path":"/Users/enricobeyer/Arbeit/redwoodblog/api/src/lib/auth.js","statementMap":{"0":{"start":{"line":21,"column":30},"end":{"line":26,"column":1}},"1":{"start":{"line":22,"column":2},"end":{"line":25,"column":4}},"2":{"start":{"line":33,"column":31},"end":{"line":35,"column":1}},"3":{"start":{"line":34,"column":2},"end":{"line":34,"column":30}},"4":{"start":{"line":45,"column":23},"end":{"line":78,"column":1}},"5":{"start":{"line":46,"column":2},"end":{"line":48,"column":3}},"6":{"start":{"line":47,"column":4},"end":{"line":47,"column":16}},"7":{"start":{"line":50,"column":27},"end":{"line":50,"column":53}},"8":{"start":{"line":52,"column":2},"end":{"line":60,"column":3}},"9":{"start":{"line":53,"column":4},"end":{"line":59,"column":5}},"10":{"start":{"line":55,"column":6},"end":{"line":55,"column":39}},"11":{"start":{"line":56,"column":11},"end":{"line":59,"column":5}},"12":{"start":{"line":58,"column":6},"end":{"line":58,"column":75}},"13":{"start":{"line":58,"column":53},"end":{"line":58,"column":74}},"14":{"start":{"line":62,"column":2},"end":{"line":74,"column":3}},"15":{"start":{"line":63,"column":4},"end":{"line":73,"column":5}},"16":{"start":{"line":65,"column":6},"end":{"line":67,"column":7}},"17":{"start":{"line":66,"column":8},"end":{"line":66,"column":35}},"18":{"start":{"line":68,"column":11},"end":{"line":73,"column":5}},"19":{"start":{"line":70,"column":6},"end":{"line":72,"column":7}},"20":{"start":{"line":71,"column":25},"end":{"line":71,"column":67}},"21":{"start":{"line":77,"column":2},"end":{"line":77,"column":14}},"22":{"start":{"line":94,"column":27},"end":{"line":102,"column":1}},"23":{"start":{"line":95,"column":2},"end":{"line":97,"column":3}},"24":{"start":{"line":96,"column":4},"end":{"line":96,"column":74}},"25":{"start":{"line":99,"column":2},"end":{"line":101,"column":3}},"26":{"start":{"line":100,"column":4},"end":{"line":100,"column":65}}},"fnMap":{"0":{"name":"(anonymous_0)","decl":{"start":{"line":21,"column":30},"end":{"line":21,"column":31}},"loc":{"start":{"line":21,"column":49},"end":{"line":26,"column":1}},"line":21},"1":{"name":"(anonymous_1)","decl":{"start":{"line":33,"column":31},"end":{"line":33,"column":32}},"loc":{"start":{"line":33,"column":37},"end":{"line":35,"column":1}},"line":33},"2":{"name":"(anonymous_2)","decl":{"start":{"line":45,"column":23},"end":{"line":45,"column":24}},"loc":{"start":{"line":45,"column":34},"end":{"line":78,"column":1}},"line":45},"3":{"name":"(anonymous_3)","decl":{"start":{"line":58,"column":36},"end":{"line":58,"column":37}},"loc":{"start":{"line":58,"column":53},"end":{"line":58,"column":74}},"line":58},"4":{"name":"(anonymous_4)","decl":{"start":{"line":65,"column":36},"end":{"line":65,"column":37}},"loc":{"start":{"line":66,"column":8},"end":{"line":66,"column":35}},"line":66},"5":{"name":"(anonymous_5)","decl":{"start":{"line":71,"column":8},"end":{"line":71,"column":9}},"loc":{"start":{"line":71,"column":25},"end":{"line":71,"column":67}},"line":71},"6":{"name":"(anonymous_6)","decl":{"start":{"line":94,"column":27},"end":{"line":94,"column":28}},"loc":{"start":{"line":94,"column":42},"end":{"line":102,"column":1}},"line":94}},"branchMap":{"0":{"loc":{"start":{"line":46,"column":2},"end":{"line":48,"column":3}},"type":"if","locations":[{"start":{"line":46,"column":2},"end":{"line":48,"column":3}},{"start":{},"end":{}}],"line":46},"1":{"loc":{"start":{"line":52,"column":2},"end":{"line":60,"column":3}},"type":"if","locations":[{"start":{"line":52,"column":2},"end":{"line":60,"column":3}},{"start":{},"end":{}}],"line":52},"2":{"loc":{"start":{"line":53,"column":4},"end":{"line":59,"column":5}},"type":"if","locations":[{"start":{"line":53,"column":4},"end":{"line":59,"column":5}},{"start":{"line":56,"column":11},"end":{"line":59,"column":5}}],"line":53},"3":{"loc":{"start":{"line":56,"column":11},"end":{"line":59,"column":5}},"type":"if","locations":[{"start":{"line":56,"column":11},"end":{"line":59,"column":5}},{"start":{},"end":{}}],"line":56},"4":{"loc":{"start":{"line":62,"column":2},"end":{"line":74,"column":3}},"type":"if","locations":[{"start":{"line":62,"column":2},"end":{"line":74,"column":3}},{"start":{},"end":{}}],"line":62},"5":{"loc":{"start":{"line":63,"column":4},"end":{"line":73,"column":5}},"type":"if","locations":[{"start":{"line":63,"column":4},"end":{"line":73,"column":5}},{"start":{"line":68,"column":11},"end":{"line":73,"column":5}}],"line":63},"6":{"loc":{"start":{"line":68,"column":11},"end":{"line":73,"column":5}},"type":"if","locations":[{"start":{"line":68,"column":11},"end":{"line":73,"column":5}},{"start":{},"end":{}}],"line":68},"7":{"loc":{"start":{"line":95,"column":2},"end":{"line":97,"column":3}},"type":"if","locations":[{"start":{"line":95,"column":2},"end":{"line":97,"column":3}},{"start":{},"end":{}}],"line":95},"8":{"loc":{"start":{"line":99,"column":2},"end":{"line":101,"column":3}},"type":"if","locations":[{"start":{"line":99,"column":2},"end":{"line":101,"column":3}},{"start":{},"end":{}}],"line":99},"9":{"loc":{"start":{"line":99,"column":6},"end":{"line":99,"column":30}},"type":"binary-expr","locations":[{"start":{"line":99,"column":6},"end":{"line":99,"column":11}},{"start":{"line":99,"column":15},"end":{"line":99,"column":30}}],"line":99}},"s":{"0":1,"1":0,"2":1,"3":1,"4":1,"5":0,"6":0,"7":0,"8":0,"9":0,"10":0,"11":0,"12":0,"13":0,"14":0,"15":0,"16":0,"17":0,"18":0,"19":0,"20":0,"21":0,"22":1,"23":1,"24":0,"25":1,"26":0},"f":{"0":0,"1":1,"2":0,"3":0,"4":0,"5":0,"6":1},"b":{"0":[0,0],"1":[0,0],"2":[0,0],"3":[0,0],"4":[0,0],"5":[0,0],"6":[0,0],"7":[0,1],"8":[0,1],"9":[1,0]},"_coverageSchema":"1a1c01bbd47fc00a2c39e90264f33305004495a9","hash":"cb28d0a3be79b8e12044f02c5bbf70a58c54a108"}
,"/Users/enricobeyer/Arbeit/redwoodblog/api/src/lib/db.js": {"path":"/Users/enricobeyer/Arbeit/redwoodblog/api/src/lib/db.js","statementMap":{"0":{"start":{"line":13,"column":18},"end":{"line":15,"column":2}},"1":{"start":{"line":17,"column":0},"end":{"line":21,"column":2}}},"fnMap":{},"branchMap":{},"s":{"0":4,"1":4},"f":{},"b":{},"_coverageSchema":"1a1c01bbd47fc00a2c39e90264f33305004495a9","hash":"13ba6b3cba328248cad0e717b3ad6b415a82239c"}
,"/Users/enricobeyer/Arbeit/redwoodblog/api/src/lib/logger.js": {"path":"/Users/enricobeyer/Arbeit/redwoodblog/api/src/lib/logger.js","statementMap":{"0":{"start":{"line":17,"column":22},"end":{"line":17,"column":38}}},"fnMap":{},"branchMap":{},"s":{"0":4},"f":{},"b":{},"_coverageSchema":"1a1c01bbd47fc00a2c39e90264f33305004495a9","hash":"67f482dc79b92360d7194dde7522f0150f469450"}
,"/Users/enricobeyer/Arbeit/redwoodblog/api/src/services/contacts/contacts.js": {"path":"/Users/enricobeyer/Arbeit/redwoodblog/api/src/services/contacts/contacts.js","statementMap":{"0":{"start":{"line":4,"column":24},"end":{"line":6,"column":1}},"1":{"start":{"line":5,"column":2},"end":{"line":5,"column":30}},"2":{"start":{"line":8,"column":23},"end":{"line":12,"column":1}},"3":{"start":{"line":9,"column":2},"end":{"line":11,"column":4}},"4":{"start":{"line":14,"column":29},"end":{"line":20,"column":1}},"5":{"start":{"line":15,"column":2},"end":{"line":15,"column":49}},"6":{"start":{"line":17,"column":2},"end":{"line":19,"column":4}},"7":{"start":{"line":22,"column":29},"end":{"line":27,"column":1}},"8":{"start":{"line":23,"column":2},"end":{"line":26,"column":4}},"9":{"start":{"line":29,"column":29},"end":{"line":33,"column":1}},"10":{"start":{"line":30,"column":2},"end":{"line":32,"column":4}}},"fnMap":{"0":{"name":"(anonymous_0)","decl":{"start":{"line":4,"column":24},"end":{"line":4,"column":25}},"loc":{"start":{"line":4,"column":30},"end":{"line":6,"column":1}},"line":4},"1":{"name":"(anonymous_1)","decl":{"start":{"line":8,"column":23},"end":{"line":8,"column":24}},"loc":{"start":{"line":8,"column":35},"end":{"line":12,"column":1}},"line":8},"2":{"name":"(anonymous_2)","decl":{"start":{"line":14,"column":29},"end":{"line":14,"column":30}},"loc":{"start":{"line":14,"column":44},"end":{"line":20,"column":1}},"line":14},"3":{"name":"(anonymous_3)","decl":{"start":{"line":22,"column":29},"end":{"line":22,"column":30}},"loc":{"start":{"line":22,"column":48},"end":{"line":27,"column":1}},"line":22},"4":{"name":"(anonymous_4)","decl":{"start":{"line":29,"column":29},"end":{"line":29,"column":30}},"loc":{"start":{"line":29,"column":41},"end":{"line":33,"column":1}},"line":29}},"branchMap":{},"s":{"0":1,"1":1,"2":1,"3":3,"4":1,"5":1,"6":1,"7":1,"8":1,"9":1,"10":1},"f":{"0":1,"1":3,"2":1,"3":1,"4":1},"b":{},"_coverageSchema":"1a1c01bbd47fc00a2c39e90264f33305004495a9","hash":"b30839653325db8d39f47f627e19f82531a4fac0"}
,"/Users/enricobeyer/Arbeit/redwoodblog/api/src/services/contacts/contacts.scenarios.js": {"path":"/Users/enricobeyer/Arbeit/redwoodblog/api/src/services/contacts/contacts.scenarios.js","statementMap":{"0":{"start":{"line":1,"column":24},"end":{"line":11,"column":2}}},"fnMap":{},"branchMap":{},"s":{"0":1},"f":{},"b":{},"_coverageSchema":"1a1c01bbd47fc00a2c39e90264f33305004495a9","hash":"3367a486226bea82febfa3be713931ed6945322d"}
,"/Users/enricobeyer/Arbeit/redwoodblog/api/src/services/posts/posts.js": {"path":"/Users/enricobeyer/Arbeit/redwoodblog/api/src/services/posts/posts.js","statementMap":{"0":{"start":{"line":3,"column":21},"end":{"line":5,"column":1}},"1":{"start":{"line":4,"column":2},"end":{"line":4,"column":27}},"2":{"start":{"line":7,"column":20},"end":{"line":11,"column":1}},"3":{"start":{"line":8,"column":2},"end":{"line":10,"column":4}},"4":{"start":{"line":13,"column":26},"end":{"line":17,"column":1}},"5":{"start":{"line":14,"column":2},"end":{"line":16,"column":4}},"6":{"start":{"line":19,"column":26},"end":{"line":24,"column":1}},"7":{"start":{"line":20,"column":2},"end":{"line":23,"column":4}},"8":{"start":{"line":26,"column":26},"end":{"line":30,"column":1}},"9":{"start":{"line":27,"column":2},"end":{"line":29,"column":4}}},"fnMap":{"0":{"name":"(anonymous_0)","decl":{"start":{"line":3,"column":21},"end":{"line":3,"column":22}},"loc":{"start":{"line":3,"column":27},"end":{"line":5,"column":1}},"line":3},"1":{"name":"(anonymous_1)","decl":{"start":{"line":7,"column":20},"end":{"line":7,"column":21}},"loc":{"start":{"line":7,"column":32},"end":{"line":11,"column":1}},"line":7},"2":{"name":"(anonymous_2)","decl":{"start":{"line":13,"column":26},"end":{"line":13,"column":27}},"loc":{"start":{"line":13,"column":41},"end":{"line":17,"column":1}},"line":13},"3":{"name":"(anonymous_3)","decl":{"start":{"line":19,"column":26},"end":{"line":19,"column":27}},"loc":{"start":{"line":19,"column":45},"end":{"line":24,"column":1}},"line":19},"4":{"name":"(anonymous_4)","decl":{"start":{"line":26,"column":26},"end":{"line":26,"column":27}},"loc":{"start":{"line":26,"column":38},"end":{"line":30,"column":1}},"line":26}},"branchMap":{},"s":{"0":1,"1":1,"2":1,"3":3,"4":1,"5":1,"6":1,"7":1,"8":1,"9":1},"f":{"0":1,"1":3,"2":1,"3":1,"4":1},"b":{},"_coverageSchema":"1a1c01bbd47fc00a2c39e90264f33305004495a9","hash":"ef2adf861229034c097fc5201b63d1190c6fd85d"}
,"/Users/enricobeyer/Arbeit/redwoodblog/api/src/services/posts/posts.scenarios.js": {"path":"/Users/enricobeyer/Arbeit/redwoodblog/api/src/services/posts/posts.scenarios.js","statementMap":{"0":{"start":{"line":1,"column":24},"end":{"line":10,"column":2}}},"fnMap":{},"branchMap":{},"s":{"0":1},"f":{},"b":{},"_coverageSchema":"1a1c01bbd47fc00a2c39e90264f33305004495a9","hash":"acd4d18c0c9369f546308ec3dab177125356815c"}
,"/Users/enricobeyer/Arbeit/redwoodblog/api/src/services/users/users.js": {"path":"/Users/enricobeyer/Arbeit/redwoodblog/api/src/services/users/users.js","statementMap":{"0":{"start":{"line":3,"column":21},"end":{"line":5,"column":1}},"1":{"start":{"line":4,"column":2},"end":{"line":4,"column":27}},"2":{"start":{"line":7,"column":20},"end":{"line":11,"column":1}},"3":{"start":{"line":8,"column":2},"end":{"line":10,"column":4}},"4":{"start":{"line":13,"column":26},"end":{"line":17,"column":1}},"5":{"start":{"line":14,"column":2},"end":{"line":16,"column":4}},"6":{"start":{"line":19,"column":26},"end":{"line":24,"column":1}},"7":{"start":{"line":20,"column":2},"end":{"line":23,"column":4}},"8":{"start":{"line":26,"column":26},"end":{"line":30,"column":1}},"9":{"start":{"line":27,"column":2},"end":{"line":29,"column":4}}},"fnMap":{"0":{"name":"(anonymous_0)","decl":{"start":{"line":3,"column":21},"end":{"line":3,"column":22}},"loc":{"start":{"line":3,"column":27},"end":{"line":5,"column":1}},"line":3},"1":{"name":"(anonymous_1)","decl":{"start":{"line":7,"column":20},"end":{"line":7,"column":21}},"loc":{"start":{"line":7,"column":32},"end":{"line":11,"column":1}},"line":7},"2":{"name":"(anonymous_2)","decl":{"start":{"line":13,"column":26},"end":{"line":13,"column":27}},"loc":{"start":{"line":13,"column":41},"end":{"line":17,"column":1}},"line":13},"3":{"name":"(anonymous_3)","decl":{"start":{"line":19,"column":26},"end":{"line":19,"column":27}},"loc":{"start":{"line":19,"column":45},"end":{"line":24,"column":1}},"line":19},"4":{"name":"(anonymous_4)","decl":{"start":{"line":26,"column":26},"end":{"line":26,"column":27}},"loc":{"start":{"line":26,"column":38},"end":{"line":30,"column":1}},"line":26}},"branchMap":{},"s":{"0":1,"1":1,"2":1,"3":3,"4":1,"5":1,"6":1,"7":1,"8":1,"9":1},"f":{"0":1,"1":3,"2":1,"3":1,"4":1},"b":{},"_coverageSchema":"1a1c01bbd47fc00a2c39e90264f33305004495a9","hash":"49b640cf754f07fd9cc7fe392f8488dda57af871"}
,"/Users/enricobeyer/Arbeit/redwoodblog/api/src/services/users/users.scenarios.js": {"path":"/Users/enricobeyer/Arbeit/redwoodblog/api/src/services/users/users.scenarios.js","statementMap":{"0":{"start":{"line":1,"column":24},"end":{"line":19,"column":2}}},"fnMap":{},"branchMap":{},"s":{"0":1},"f":{},"b":{},"_coverageSchema":"1a1c01bbd47fc00a2c39e90264f33305004495a9","hash":"1f967ef6af727f259c4b678c5688526e8a9e0c63"}
,"/Users/enricobeyer/Arbeit/redwoodblog/web/src/Routes.js": {"path":"/Users/enricobeyer/Arbeit/redwoodblog/web/src/Routes.js","statementMap":{"0":{"start":{"line":14,"column":15},"end":{"line":38,"column":1}},"1":{"start":{"line":15,"column":2},"end":{"line":37,"column":3}}},"fnMap":{"0":{"name":"(anonymous_0)","decl":{"start":{"line":14,"column":15},"end":{"line":14,"column":16}},"loc":{"start":{"line":14,"column":21},"end":{"line":38,"column":1}},"line":14}},"branchMap":{},"s":{"0":8,"1":18},"f":{"0":18},"b":{},"_coverageSchema":"1a1c01bbd47fc00a2c39e90264f33305004495a9","hash":"de0967ab963cc7c17ff5ab255d3e336e771c4f0f"}
,"/Users/enricobeyer/Arbeit/redwoodblog/web/src/components/Article/Article.js": {"path":"/Users/enricobeyer/Arbeit/redwoodblog/web/src/components/Article/Article.js","statementMap":{"0":{"start":{"line":3,"column":17},"end":{"line":5,"column":1}},"1":{"start":{"line":4,"column":2},"end":{"line":4,"column":42}},"2":{"start":{"line":7,"column":16},"end":{"line":20,"column":1}},"3":{"start":{"line":8,"column":2},"end":{"line":19,"column":3}}},"fnMap":{"0":{"name":"(anonymous_0)","decl":{"start":{"line":3,"column":17},"end":{"line":3,"column":18}},"loc":{"start":{"line":3,"column":35},"end":{"line":5,"column":1}},"line":3},"1":{"name":"(anonymous_1)","decl":{"start":{"line":7,"column":16},"end":{"line":7,"column":17}},"loc":{"start":{"line":7,"column":50},"end":{"line":20,"column":1}},"line":7}},"branchMap":{"0":{"loc":{"start":{"line":7,"column":28},"end":{"line":7,"column":43}},"type":"default-arg","locations":[{"start":{"line":7,"column":38},"end":{"line":7,"column":43}}],"line":7},"1":{"loc":{"start":{"line":16,"column":9},"end":{"line":16,"column":61}},"type":"cond-expr","locations":[{"start":{"line":16,"column":19},"end":{"line":16,"column":46}},{"start":{"line":16,"column":49},"end":{"line":16,"column":61}}],"line":16}},"s":{"0":5,"1":3,"2":5,"3":6},"f":{"0":3,"1":6},"b":{"0":[2],"1":[3,3]},"_coverageSchema":"1a1c01bbd47fc00a2c39e90264f33305004495a9","hash":"960cdaa4faa0f9fff0a49bc741b8311f09584da3"}
,"/Users/enricobeyer/Arbeit/redwoodblog/web/src/components/ArticleCell/ArticleCell.js": {"path":"/Users/enricobeyer/Arbeit/redwoodblog/web/src/components/ArticleCell/ArticleCell.js","statementMap":{"0":{"start":{"line":3,"column":21},"end":{"line":12,"column":1}},"1":{"start":{"line":14,"column":23},"end":{"line":14,"column":50}},"2":{"start":{"line":14,"column":29},"end":{"line":14,"column":50}},"3":{"start":{"line":16,"column":21},"end":{"line":16,"column":43}},"4":{"start":{"line":16,"column":27},"end":{"line":16,"column":43}},"5":{"start":{"line":18,"column":23},"end":{"line":18,"column":71}},"6":{"start":{"line":18,"column":38},"end":{"line":18,"column":71}},"7":{"start":{"line":20,"column":23},"end":{"line":22,"column":1}},"8":{"start":{"line":21,"column":2},"end":{"line":21,"column":38}}},"fnMap":{"0":{"name":"(anonymous_0)","decl":{"start":{"line":14,"column":23},"end":{"line":14,"column":24}},"loc":{"start":{"line":14,"column":29},"end":{"line":14,"column":50}},"line":14},"1":{"name":"(anonymous_1)","decl":{"start":{"line":16,"column":21},"end":{"line":16,"column":22}},"loc":{"start":{"line":16,"column":27},"end":{"line":16,"column":43}},"line":16},"2":{"name":"(anonymous_2)","decl":{"start":{"line":18,"column":23},"end":{"line":18,"column":24}},"loc":{"start":{"line":18,"column":38},"end":{"line":18,"column":71}},"line":18},"3":{"name":"(anonymous_3)","decl":{"start":{"line":20,"column":23},"end":{"line":20,"column":24}},"loc":{"start":{"line":20,"column":40},"end":{"line":22,"column":1}},"line":20}},"branchMap":{},"s":{"0":2,"1":2,"2":2,"3":2,"4":1,"5":2,"6":1,"7":2,"8":1},"f":{"0":2,"1":1,"2":1,"3":1},"b":{},"_coverageSchema":"1a1c01bbd47fc00a2c39e90264f33305004495a9","hash":"e24dee0ef5cea91df7c9f74efc50248ac15efc7f"}
,"/Users/enricobeyer/Arbeit/redwoodblog/web/src/components/ArticleCell/ArticleCell.mock.js": {"path":"/Users/enricobeyer/Arbeit/redwoodblog/web/src/components/ArticleCell/ArticleCell.mock.js","statementMap":{"0":{"start":{"line":2,"column":24},"end":{"line":11,"column":1}},"1":{"start":{"line":3,"column":2},"end":{"line":10,"column":3}}},"fnMap":{"0":{"name":"(anonymous_0)","decl":{"start":{"line":2,"column":24},"end":{"line":2,"column":25}},"loc":{"start":{"line":2,"column":30},"end":{"line":11,"column":1}},"line":2}},"branchMap":{},"s":{"0":8,"1":2},"f":{"0":2},"b":{},"_coverageSchema":"1a1c01bbd47fc00a2c39e90264f33305004495a9","hash":"a821cbe7cd4735362531fb28edcf85b72a1eb2a9"}
,"/Users/enricobeyer/Arbeit/redwoodblog/web/src/components/ArticlesCell/ArticlesCell.js": {"path":"/Users/enricobeyer/Arbeit/redwoodblog/web/src/components/ArticlesCell/ArticlesCell.js","statementMap":{"0":{"start":{"line":3,"column":21},"end":{"line":12,"column":1}},"1":{"start":{"line":14,"column":23},"end":{"line":14,"column":50}},"2":{"start":{"line":14,"column":29},"end":{"line":14,"column":50}},"3":{"start":{"line":16,"column":21},"end":{"line":16,"column":43}},"4":{"start":{"line":16,"column":27},"end":{"line":16,"column":43}},"5":{"start":{"line":18,"column":23},"end":{"line":18,"column":71}},"6":{"start":{"line":18,"column":38},"end":{"line":18,"column":71}},"7":{"start":{"line":20,"column":23},"end":{"line":28,"column":1}},"8":{"start":{"line":21,"column":2},"end":{"line":27,"column":3}},"9":{"start":{"line":24,"column":8},"end":{"line":24,"column":69}}},"fnMap":{"0":{"name":"(anonymous_0)","decl":{"start":{"line":14,"column":23},"end":{"line":14,"column":24}},"loc":{"start":{"line":14,"column":29},"end":{"line":14,"column":50}},"line":14},"1":{"name":"(anonymous_1)","decl":{"start":{"line":16,"column":21},"end":{"line":16,"column":22}},"loc":{"start":{"line":16,"column":27},"end":{"line":16,"column":43}},"line":16},"2":{"name":"(anonymous_2)","decl":{"start":{"line":18,"column":23},"end":{"line":18,"column":24}},"loc":{"start":{"line":18,"column":38},"end":{"line":18,"column":71}},"line":18},"3":{"name":"(anonymous_3)","decl":{"start":{"line":20,"column":23},"end":{"line":20,"column":24}},"loc":{"start":{"line":20,"column":41},"end":{"line":28,"column":1}},"line":20},"4":{"name":"(anonymous_4)","decl":{"start":{"line":23,"column":20},"end":{"line":23,"column":21}},"loc":{"start":{"line":24,"column":8},"end":{"line":24,"column":69}},"line":24}},"branchMap":{},"s":{"0":2,"1":2,"2":2,"3":2,"4":1,"5":2,"6":1,"7":2,"8":1,"9":2},"f":{"0":2,"1":1,"2":1,"3":1,"4":2},"b":{},"_coverageSchema":"1a1c01bbd47fc00a2c39e90264f33305004495a9","hash":"0291643b9c91fecfe21beac8b66104397bf30fab"}
,"/Users/enricobeyer/Arbeit/redwoodblog/web/src/components/ArticlesCell/ArticlesCell.mock.js": {"path":"/Users/enricobeyer/Arbeit/redwoodblog/web/src/components/ArticlesCell/ArticlesCell.mock.js","statementMap":{"0":{"start":{"line":2,"column":24},"end":{"line":19,"column":1}},"1":{"start":{"line":3,"column":2},"end":{"line":18,"column":3}}},"fnMap":{"0":{"name":"(anonymous_0)","decl":{"start":{"line":2,"column":24},"end":{"line":2,"column":25}},"loc":{"start":{"line":2,"column":30},"end":{"line":19,"column":1}},"line":2}},"branchMap":{},"s":{"0":8,"1":2},"f":{"0":2},"b":{},"_coverageSchema":"1a1c01bbd47fc00a2c39e90264f33305004495a9","hash":"af1d58c51d99463b5338ef7b5b3dbeebe54fed61"}
,"/Users/enricobeyer/Arbeit/redwoodblog/web/src/layouts/BlogLayout/BlogLayout.js": {"path":"/Users/enricobeyer/Arbeit/redwoodblog/web/src/layouts/BlogLayout/BlogLayout.js","statementMap":{"0":{"start":{"line":4,"column":19},"end":{"line":62,"column":1}},"1":{"start":{"line":5,"column":51},"end":{"line":5,"column":60}},"2":{"start":{"line":7,"column":2},"end":{"line":61,"column":3}}},"fnMap":{"0":{"name":"(anonymous_0)","decl":{"start":{"line":4,"column":19},"end":{"line":4,"column":20}},"loc":{"start":{"line":4,"column":37},"end":{"line":62,"column":1}},"line":4}},"branchMap":{"0":{"loc":{"start":{"line":37,"column":15},"end":{"line":47,"column":15}},"type":"cond-expr","locations":[{"start":{"line":38,"column":16},"end":{"line":42,"column":22}},{"start":{"line":44,"column":16},"end":{"line":46,"column":23}}],"line":37},"1":{"loc":{"start":{"line":50,"column":11},"end":{"line":54,"column":11}},"type":"binary-expr","locations":[{"start":{"line":50,"column":11},"end":{"line":50,"column":26}},{"start":{"line":51,"column":12},"end":{"line":53,"column":18}}],"line":50}},"s":{"0":8,"1":6,"2":6},"f":{"0":6},"b":{"0":[2,4],"1":[6,2]},"_coverageSchema":"1a1c01bbd47fc00a2c39e90264f33305004495a9","hash":"97bfb7f7a3a5c9006f443295f6549b2c3f9c5e9d"}
,"/Users/enricobeyer/Arbeit/redwoodblog/web/src/layouts/PostsLayout/PostsLayout.js": {"path":"/Users/enricobeyer/Arbeit/redwoodblog/web/src/layouts/PostsLayout/PostsLayout.js","statementMap":{"0":{"start":{"line":4,"column":20},"end":{"line":21,"column":1}},"1":{"start":{"line":5,"column":2},"end":{"line":20,"column":3}}},"fnMap":{"0":{"name":"(anonymous_0)","decl":{"start":{"line":4,"column":20},"end":{"line":4,"column":21}},"loc":{"start":{"line":4,"column":31},"end":{"line":21,"column":1}},"line":4}},"branchMap":{},"s":{"0":8,"1":0},"f":{"0":0},"b":{},"_coverageSchema":"1a1c01bbd47fc00a2c39e90264f33305004495a9","hash":"4865c92f8bbd9f2c0e657545330fd82f02a68bab"}
,"/Users/enricobeyer/Arbeit/redwoodblog/web/src/pages/AboutPage/AboutPage.js": {"path":"/Users/enricobeyer/Arbeit/redwoodblog/web/src/pages/AboutPage/AboutPage.js","statementMap":{"0":{"start":{"line":3,"column":18},"end":{"line":14,"column":1}},"1":{"start":{"line":4,"column":2},"end":{"line":13,"column":3}}},"fnMap":{"0":{"name":"(anonymous_0)","decl":{"start":{"line":3,"column":18},"end":{"line":3,"column":19}},"loc":{"start":{"line":3,"column":24},"end":{"line":14,"column":1}},"line":3}},"branchMap":{},"s":{"0":1,"1":1},"f":{"0":1},"b":{},"_coverageSchema":"1a1c01bbd47fc00a2c39e90264f33305004495a9","hash":"6b5716da2afd24a325d4513a2492ea0157fa3ffa"}
,"/Users/enricobeyer/Arbeit/redwoodblog/web/src/pages/ArticlePage/ArticlePage.js": {"path":"/Users/enricobeyer/Arbeit/redwoodblog/web/src/pages/ArticlePage/ArticlePage.js","statementMap":{"0":{"start":{"line":4,"column":20},"end":{"line":12,"column":1}},"1":{"start":{"line":5,"column":2},"end":{"line":11,"column":3}}},"fnMap":{"0":{"name":"(anonymous_0)","decl":{"start":{"line":4,"column":20},"end":{"line":4,"column":21}},"loc":{"start":{"line":4,"column":32},"end":{"line":12,"column":1}},"line":4}},"branchMap":{},"s":{"0":1,"1":1},"f":{"0":1},"b":{},"_coverageSchema":"1a1c01bbd47fc00a2c39e90264f33305004495a9","hash":"dad2a94e60c2ce5f56f4e3dad02652a94156f2ea"}
,"/Users/enricobeyer/Arbeit/redwoodblog/web/src/pages/ContactPage/ContactPage.js": {"path":"/Users/enricobeyer/Arbeit/redwoodblog/web/src/pages/ContactPage/ContactPage.js","statementMap":{"0":{"start":{"line":15,"column":23},"end":{"line":21,"column":1}},"1":{"start":{"line":23,"column":20},"end":{"line":115,"column":1}},"2":{"start":{"line":24,"column":22},"end":{"line":24,"column":31}},"3":{"start":{"line":26,"column":39},"end":{"line":31,"column":4}},"4":{"start":{"line":28,"column":6},"end":{"line":28,"column":53}},"5":{"start":{"line":29,"column":6},"end":{"line":29,"column":25}},"6":{"start":{"line":33,"column":19},"end":{"line":36,"column":3}},"7":{"start":{"line":34,"column":4},"end":{"line":34,"column":42}},"8":{"start":{"line":35,"column":4},"end":{"line":35,"column":21}},"9":{"start":{"line":38,"column":2},"end":{"line":114,"column":3}}},"fnMap":{"0":{"name":"(anonymous_0)","decl":{"start":{"line":23,"column":20},"end":{"line":23,"column":21}},"loc":{"start":{"line":23,"column":26},"end":{"line":115,"column":1}},"line":23},"1":{"name":"(anonymous_1)","decl":{"start":{"line":27,"column":17},"end":{"line":27,"column":18}},"loc":{"start":{"line":27,"column":23},"end":{"line":30,"column":5}},"line":27},"2":{"name":"(anonymous_2)","decl":{"start":{"line":33,"column":19},"end":{"line":33,"column":20}},"loc":{"start":{"line":33,"column":29},"end":{"line":36,"column":3}},"line":33}},"branchMap":{},"s":{"0":1,"1":1,"2":1,"3":1,"4":0,"5":0,"6":1,"7":0,"8":0,"9":1},"f":{"0":1,"1":0,"2":0},"b":{},"_coverageSchema":"1a1c01bbd47fc00a2c39e90264f33305004495a9","hash":"ead8dded2a118d01bb6c2dcfe9d92a8c4c2aa63d"}
,"/Users/enricobeyer/Arbeit/redwoodblog/web/src/pages/HomePage/HomePage.js": {"path":"/Users/enricobeyer/Arbeit/redwoodblog/web/src/pages/HomePage/HomePage.js","statementMap":{"0":{"start":{"line":4,"column":17},"end":{"line":11,"column":1}},"1":{"start":{"line":5,"column":2},"end":{"line":10,"column":3}}},"fnMap":{"0":{"name":"(anonymous_0)","decl":{"start":{"line":4,"column":17},"end":{"line":4,"column":18}},"loc":{"start":{"line":4,"column":23},"end":{"line":11,"column":1}},"line":4}},"branchMap":{},"s":{"0":1,"1":1},"f":{"0":1},"b":{},"_coverageSchema":"1a1c01bbd47fc00a2c39e90264f33305004495a9","hash":"7ed132f2c5cf4b3960102b6d8dac5a2e0e9eb64b"}
}
