TN:
SF:api/src/directives/requireAuth/requireAuth.js
FN:15,(anonymous_0)
FNF:1
FNH:1
FNDA:1,(anonymous_0)
DA:15,1
DA:16,1
DA:18,1
DA:21,1
LF:4
LH:4
BRF:0
BRH:0
end_of_record
TN:
SF:api/src/directives/skipAuth/skipAuth.js
FN:12,(anonymous_0)
FNF:1
FNH:0
FNDA:0,(anonymous_0)
DA:12,1
DA:13,0
LF:2
LH:1
BRF:0
BRH:0
end_of_record
TN:
SF:api/src/lib/auth.js
FN:21,(anonymous_0)
FN:33,(anonymous_1)
FN:45,(anonymous_2)
FN:58,(anonymous_3)
FN:65,(anonymous_4)
FN:71,(anonymous_5)
FN:94,(anonymous_6)
FNF:7
FNH:2
FNDA:0,(anonymous_0)
FNDA:1,(anonymous_1)
FNDA:0,(anonymous_2)
FNDA:0,(anonymous_3)
FNDA:0,(anonymous_4)
FNDA:0,(anonymous_5)
FNDA:1,(anonymous_6)
DA:21,1
DA:22,0
DA:33,1
DA:34,1
DA:45,1
DA:46,0
DA:47,0
DA:50,0
DA:52,0
DA:53,0
DA:55,0
DA:56,0
DA:58,0
DA:62,0
DA:63,0
DA:65,0
DA:66,0
DA:68,0
DA:70,0
DA:71,0
DA:77,0
DA:94,1
DA:95,1
DA:96,0
DA:99,1
DA:100,0
LF:26
LH:7
BRDA:46,0,0,0
BRDA:46,0,1,0
BRDA:52,1,0,0
BRDA:52,1,1,0
BRDA:53,2,0,0
BRDA:53,2,1,0
BRDA:56,3,0,0
BRDA:56,3,1,0
BRDA:62,4,0,0
BRDA:62,4,1,0
BRDA:63,5,0,0
BRDA:63,5,1,0
BRDA:68,6,0,0
BRDA:68,6,1,0
BRDA:95,7,0,0
BRDA:95,7,1,1
BRDA:99,8,0,0
BRDA:99,8,1,1
BRDA:99,9,0,1
BRDA:99,9,1,0
BRF:20
BRH:3
end_of_record
TN:
SF:api/src/lib/db.js
FNF:0
FNH:0
DA:13,4
DA:17,4
LF:2
LH:2
BRF:0
BRH:0
end_of_record
TN:
SF:api/src/lib/logger.js
FNF:0
FNH:0
DA:17,4
LF:1
LH:1
BRF:0
BRH:0
end_of_record
TN:
SF:api/src/services/contacts/contacts.js
FN:4,(anonymous_0)
FN:8,(anonymous_1)
FN:14,(anonymous_2)
FN:22,(anonymous_3)
FN:29,(anonymous_4)
FNF:5
FNH:5
FNDA:1,(anonymous_0)
FNDA:3,(anonymous_1)
FNDA:1,(anonymous_2)
FNDA:1,(anonymous_3)
FNDA:1,(anonymous_4)
DA:4,1
DA:5,1
DA:8,1
DA:9,3
DA:14,1
DA:15,1
DA:17,1
DA:22,1
DA:23,1
DA:29,1
DA:30,1
LF:11
LH:11
BRF:0
BRH:0
end_of_record
TN:
SF:api/src/services/contacts/contacts.scenarios.js
FNF:0
FNH:0
DA:1,1
LF:1
LH:1
BRF:0
BRH:0
end_of_record
TN:
SF:api/src/services/posts/posts.js
FN:3,(anonymous_0)
FN:7,(anonymous_1)
FN:13,(anonymous_2)
FN:19,(anonymous_3)
FN:26,(anonymous_4)
FNF:5
FNH:5
FNDA:1,(anonymous_0)
FNDA:3,(anonymous_1)
FNDA:1,(anonymous_2)
FNDA:1,(anonymous_3)
FNDA:1,(anonymous_4)
DA:3,1
DA:4,1
DA:7,1
DA:8,3
DA:13,1
DA:14,1
DA:19,1
DA:20,1
DA:26,1
DA:27,1
LF:10
LH:10
BRF:0
BRH:0
end_of_record
TN:
SF:api/src/services/posts/posts.scenarios.js
FNF:0
FNH:0
DA:1,1
LF:1
LH:1
BRF:0
BRH:0
end_of_record
TN:
SF:api/src/services/users/users.js
FN:3,(anonymous_0)
FN:7,(anonymous_1)
FN:13,(anonymous_2)
FN:19,(anonymous_3)
FN:26,(anonymous_4)
FNF:5
FNH:5
FNDA:1,(anonymous_0)
FNDA:3,(anonymous_1)
FNDA:1,(anonymous_2)
FNDA:1,(anonymous_3)
FNDA:1,(anonymous_4)
DA:3,1
DA:4,1
DA:7,1
DA:8,3
DA:13,1
DA:14,1
DA:19,1
DA:20,1
DA:26,1
DA:27,1
LF:10
LH:10
BRF:0
BRH:0
end_of_record
TN:
SF:api/src/services/users/users.scenarios.js
FNF:0
FNH:0
DA:1,1
LF:1
LH:1
BRF:0
BRH:0
end_of_record
TN:
SF:web/src/Routes.js
FN:14,(anonymous_0)
FNF:1
FNH:1
FNDA:18,(anonymous_0)
DA:14,8
DA:15,18
LF:2
LH:2
BRF:0
BRH:0
end_of_record
TN:
SF:web/src/components/Article/Article.js
FN:3,(anonymous_0)
FN:7,(anonymous_1)
FNF:2
FNH:2
FNDA:3,(anonymous_0)
FNDA:6,(anonymous_1)
DA:3,5
DA:4,3
DA:7,5
DA:8,6
LF:4
LH:4
BRDA:7,0,0,2
BRDA:16,1,0,3
BRDA:16,1,1,3
BRF:3
BRH:3
end_of_record
TN:
SF:web/src/components/ArticleCell/ArticleCell.js
FN:14,(anonymous_0)
FN:16,(anonymous_1)
FN:18,(anonymous_2)
FN:20,(anonymous_3)
FNF:4
FNH:4
FNDA:2,(anonymous_0)
FNDA:1,(anonymous_1)
FNDA:1,(anonymous_2)
FNDA:1,(anonymous_3)
DA:3,2
DA:14,2
DA:16,2
DA:18,2
DA:20,2
DA:21,1
LF:6
LH:6
BRF:0
BRH:0
end_of_record
TN:
SF:web/src/components/ArticleCell/ArticleCell.mock.js
FN:2,(anonymous_0)
FNF:1
FNH:1
FNDA:2,(anonymous_0)
DA:2,8
DA:3,2
LF:2
LH:2
BRF:0
BRH:0
end_of_record
TN:
SF:web/src/components/ArticlesCell/ArticlesCell.js
FN:14,(anonymous_0)
FN:16,(anonymous_1)
FN:18,(anonymous_2)
FN:20,(anonymous_3)
FN:23,(anonymous_4)
FNF:5
FNH:5
FNDA:2,(anonymous_0)
FNDA:1,(anonymous_1)
FNDA:1,(anonymous_2)
FNDA:1,(anonymous_3)
FNDA:2,(anonymous_4)
DA:3,2
DA:14,2
DA:16,2
DA:18,2
DA:20,2
DA:21,1
DA:24,2
LF:7
LH:7
BRF:0
BRH:0
end_of_record
TN:
SF:web/src/components/ArticlesCell/ArticlesCell.mock.js
FN:2,(anonymous_0)
FNF:1
FNH:1
FNDA:2,(anonymous_0)
DA:2,8
DA:3,2
LF:2
LH:2
BRF:0
BRH:0
end_of_record
TN:
SF:web/src/layouts/BlogLayout/BlogLayout.js
FN:4,(anonymous_0)
FNF:1
FNH:1
FNDA:6,(anonymous_0)
DA:4,8
DA:5,6
DA:7,6
LF:3
LH:3
BRDA:37,0,0,2
BRDA:37,0,1,4
BRDA:50,1,0,6
BRDA:50,1,1,2
BRF:4
BRH:4
end_of_record
TN:
SF:web/src/layouts/PostsLayout/PostsLayout.js
FN:4,(anonymous_0)
FNF:1
FNH:0
FNDA:0,(anonymous_0)
DA:4,8
DA:5,0
LF:2
LH:1
BRF:0
BRH:0
end_of_record
TN:
SF:web/src/pages/AboutPage/AboutPage.js
FN:3,(anonymous_0)
FNF:1
FNH:1
FNDA:1,(anonymous_0)
DA:3,1
DA:4,1
LF:2
LH:2
BRF:0
BRH:0
end_of_record
TN:
SF:web/src/pages/ArticlePage/ArticlePage.js
FN:4,(anonymous_0)
FNF:1
FNH:1
FNDA:1,(anonymous_0)
DA:4,1
DA:5,1
LF:2
LH:2
BRF:0
BRH:0
end_of_record
TN:
SF:web/src/pages/ContactPage/ContactPage.js
FN:23,(anonymous_0)
FN:27,(anonymous_1)
FN:33,(anonymous_2)
FNF:3
FNH:1
FNDA:1,(anonymous_0)
FNDA:0,(anonymous_1)
FNDA:0,(anonymous_2)
DA:15,1
DA:23,1
DA:24,1
DA:26,1
DA:28,0
DA:29,0
DA:33,1
DA:34,0
DA:35,0
DA:38,1
LF:10
LH:6
BRF:0
BRH:0
end_of_record
TN:
SF:web/src/pages/HomePage/HomePage.js
FN:4,(anonymous_0)
FNF:1
FNH:1
FNDA:1,(anonymous_0)
DA:4,1
DA:5,1
LF:2
LH:2
BRF:0
BRH:0
end_of_record
